{"C:\\Users\\aallison1\\dev\\learning\\nestjs-auth\\src\\app.controller.ts": {"path":"C:\\Users\\aallison1\\dev\\learning\\nestjs-auth\\src\\app.controller.ts","statementMap":{"0":{"start":{"line":1,"column":0},"end":{"line":1,"column":61}},"1":{"start":{"line":2,"column":0},"end":{"line":2,"column":40}},"2":{"start":{"line":5,"column":0},"end":{"line":20,"column":null}},"3":{"start":{"line":8,"column":4},"end":{"line":13,"column":6}},"4":{"start":{"line":18,"column":4},"end":{"line":18,"column":25}},"5":{"start":{"line":7,"column":2},"end":{"line":14,"column":null}},"6":{"start":{"line":17,"column":2},"end":{"line":19,"column":null}},"7":{"start":{"line":5,"column":13},"end":{"line":20,"column":null}},"8":{"start":{"line":5,"column":13},"end":{"line":5,"column":26}}},"fnMap":{"0":{"name":"(anonymous_4)","decl":{"start":{"line":7,"column":2},"end":{"line":7,"column":9}},"loc":{"start":{"line":7,"column":30},"end":{"line":14,"column":3}}},"1":{"name":"(anonymous_5)","decl":{"start":{"line":17,"column":2},"end":{"line":17,"column":12}},"loc":{"start":{"line":17,"column":12},"end":{"line":19,"column":3}}}},"branchMap":{},"s":{"0":0,"1":0,"2":0,"3":0,"4":0,"5":0,"6":0,"7":0,"8":0},"f":{"0":0,"1":0},"b":{}}
,"C:\\Users\\aallison1\\dev\\learning\\nestjs-auth\\src\\app.module.ts": {"path":"C:\\Users\\aallison1\\dev\\learning\\nestjs-auth\\src\\app.module.ts","statementMap":{"0":{"start":{"line":1,"column":0},"end":{"line":1,"column":40}},"1":{"start":{"line":2,"column":0},"end":{"line":2,"column":49}},"2":{"start":{"line":3,"column":0},"end":{"line":3,"column":48}},"3":{"start":{"line":4,"column":0},"end":{"line":4,"column":48}},"4":{"start":{"line":11,"column":0},"end":{"line":11,"column":null}},"5":{"start":{"line":11,"column":13},"end":{"line":11,"column":null}},"6":{"start":{"line":11,"column":13},"end":{"line":11,"column":22}}},"fnMap":{},"branchMap":{},"s":{"0":0,"1":0,"2":0,"3":0,"4":0,"5":0,"6":0},"f":{},"b":{}}
,"C:\\Users\\aallison1\\dev\\learning\\nestjs-auth\\src\\main.ts": {"path":"C:\\Users\\aallison1\\dev\\learning\\nestjs-auth\\src\\main.ts","statementMap":{"0":{"start":{"line":2,"column":0},"end":{"line":2,"column":47}},"1":{"start":{"line":3,"column":0},"end":{"line":3,"column":43}},"2":{"start":{"line":4,"column":0},"end":{"line":4,"column":41}},"3":{"start":{"line":6,"column":0},"end":{"line":6,"column":52}},"4":{"start":{"line":13,"column":24},"end":{"line":17,"column":1}},"5":{"start":{"line":14,"column":2},"end":{"line":14,"column":41}},"6":{"start":{"line":15,"column":2},"end":{"line":15,"column":34}},"7":{"start":{"line":16,"column":2},"end":{"line":16,"column":24}},"8":{"start":{"line":20,"column":14},"end":{"line":22,"column":4}},"9":{"start":{"line":23,"column":2},"end":{"line":23,"column":29}},"10":{"start":{"line":26,"column":24},"end":{"line":26,"column":46}},"11":{"start":{"line":27,"column":20},"end":{"line":27,"column":55}},"12":{"start":{"line":28,"column":2},"end":{"line":28,"column":24}},"13":{"start":{"line":29,"column":2},"end":{"line":29,"column":22}},"14":{"start":{"line":31,"column":2},"end":{"line":31,"column":25}},"15":{"start":{"line":32,"column":2},"end":{"line":32,"column":30}},"16":{"start":{"line":34,"column":0},"end":{"line":42,"column":5}},"17":{"start":{"line":36,"column":4},"end":{"line":36,"column":56}},"18":{"start":{"line":37,"column":4},"end":{"line":37,"column":21}},"19":{"start":{"line":40,"column":27},"end":{"line":40,"column":64}},"20":{"start":{"line":41,"column":4},"end":{"line":41,"column":32}}},"fnMap":{"0":{"name":"(anonymous_0)","decl":{"start":{"line":13,"column":24},"end":{"line":13,"column":29}},"loc":{"start":{"line":13,"column":56},"end":{"line":17,"column":1}}},"1":{"name":"bootstrap","decl":{"start":{"line":19,"column":15},"end":{"line":19,"column":24}},"loc":{"start":{"line":19,"column":24},"end":{"line":33,"column":1}}},"2":{"name":"(anonymous_2)","decl":{"start":{"line":35,"column":9},"end":{"line":35,"column":10}},"loc":{"start":{"line":35,"column":15},"end":{"line":38,"column":3}}},"3":{"name":"(anonymous_3)","decl":{"start":{"line":39,"column":8},"end":{"line":39,"column":11}},"loc":{"start":{"line":39,"column":13},"end":{"line":42,"column":3}}}},"branchMap":{},"s":{"0":0,"1":0,"2":0,"3":0,"4":0,"5":0,"6":0,"7":0,"8":0,"9":0,"10":0,"11":0,"12":0,"13":0,"14":0,"15":0,"16":0,"17":0,"18":0,"19":0,"20":0},"f":{"0":0,"1":0,"2":0,"3":0},"b":{}}
,"C:\\Users\\aallison1\\dev\\learning\\nestjs-auth\\src\\core\\core.module.ts": {"path":"C:\\Users\\aallison1\\dev\\learning\\nestjs-auth\\src\\core\\core.module.ts","statementMap":{"0":{"start":{"line":1,"column":0},"end":{"line":1,"column":40}},"1":{"start":{"line":2,"column":0},"end":{"line":2,"column":54}},"2":{"start":{"line":3,"column":0},"end":{"line":3,"column":45}},"3":{"start":{"line":4,"column":0},"end":{"line":4,"column":48}},"4":{"start":{"line":9,"column":0},"end":{"line":9,"column":null}},"5":{"start":{"line":9,"column":13},"end":{"line":9,"column":null}},"6":{"start":{"line":9,"column":13},"end":{"line":9,"column":23}}},"fnMap":{},"branchMap":{},"s":{"0":0,"1":0,"2":0,"3":0,"4":0,"5":0,"6":0},"f":{},"b":{}}
,"C:\\Users\\aallison1\\dev\\learning\\nestjs-auth\\src\\core\\config\\config-utils.ts": {"path":"C:\\Users\\aallison1\\dev\\learning\\nestjs-auth\\src\\core\\config\\config-utils.ts","statementMap":{"0":{"start":{"line":1,"column":27},"end":{"line":8,"column":1}},"1":{"start":{"line":2,"column":22},"end":{"line":2,"column":46}},"2":{"start":{"line":3,"column":15},"end":{"line":3,"column":40}},"3":{"start":{"line":4,"column":15},"end":{"line":4,"column":54}},"4":{"start":{"line":5,"column":15},"end":{"line":5,"column":54}},"5":{"start":{"line":6,"column":19},"end":{"line":6,"column":72}},"6":{"start":{"line":7,"column":2},"end":{"line":7,"column":53}},"7":{"start":{"line":10,"column":9},"end":{"line":10,"column":27}}},"fnMap":{"0":{"name":"(anonymous_0)","decl":{"start":{"line":1,"column":27},"end":{"line":1,"column":30}},"loc":{"start":{"line":1,"column":32},"end":{"line":8,"column":1}}}},"branchMap":{},"s":{"0":0,"1":0,"2":0,"3":0,"4":0,"5":0,"6":0,"7":0},"f":{"0":0},"b":{}}
,"C:\\Users\\aallison1\\dev\\learning\\nestjs-auth\\src\\core\\config\\config.module.ts": {"path":"C:\\Users\\aallison1\\dev\\learning\\nestjs-auth\\src\\core\\config\\config.module.ts","statementMap":{"0":{"start":{"line":1,"column":0},"end":{"line":1,"column":40}},"1":{"start":{"line":2,"column":0},"end":{"line":2,"column":66}},"2":{"start":{"line":3,"column":0},"end":{"line":3,"column":47}},"3":{"start":{"line":4,"column":0},"end":{"line":4,"column":51}},"4":{"start":{"line":18,"column":0},"end":{"line":18,"column":null}},"5":{"start":{"line":18,"column":13},"end":{"line":18,"column":null}},"6":{"start":{"line":18,"column":13},"end":{"line":18,"column":25}}},"fnMap":{},"branchMap":{},"s":{"0":0,"1":0,"2":0,"3":0,"4":0,"5":0,"6":0},"f":{},"b":{}}
,"C:\\Users\\aallison1\\dev\\learning\\nestjs-auth\\src\\core\\config\\config.scheme.ts": {"path":"C:\\Users\\aallison1\\dev\\learning\\nestjs-auth\\src\\core\\config\\config.scheme.ts","statementMap":{"0":{"start":{"line":1,"column":0},"end":{"line":1,"column":27}},"1":{"start":{"line":3,"column":25},"end":{"line":12,"column":2}},"2":{"start":{"line":14,"column":0},"end":{"line":14,"column":32}}},"fnMap":{},"branchMap":{},"s":{"0":0,"1":0,"2":0},"f":{},"b":{}}
,"C:\\Users\\aallison1\\dev\\learning\\nestjs-auth\\src\\core\\config\\models\\configuration.ts": {"path":"C:\\Users\\aallison1\\dev\\learning\\nestjs-auth\\src\\core\\config\\models\\configuration.ts","statementMap":{"0":{"start":{"line":1,"column":0},"end":{"line":1,"column":53}},"1":{"start":{"line":3,"column":52},"end":{"line":3,"column":72}},"2":{"start":{"line":5,"column":0},"end":{"line":24,"column":3}},"3":{"start":{"line":5,"column":22},"end":{"line":24,"column":2}}},"fnMap":{"0":{"name":"(anonymous_0)","decl":{"start":{"line":5,"column":15},"end":{"line":5,"column":18}},"loc":{"start":{"line":5,"column":22},"end":{"line":24,"column":2}}}},"branchMap":{},"s":{"0":0,"1":0,"2":0,"3":0},"f":{"0":0},"b":{}}
,"C:\\Users\\aallison1\\dev\\learning\\nestjs-auth\\src\\core\\data\\data.module.ts": {"path":"C:\\Users\\aallison1\\dev\\learning\\nestjs-auth\\src\\core\\data\\data.module.ts","statementMap":{"0":{"start":{"line":1,"column":0},"end":{"line":1,"column":40}},"1":{"start":{"line":2,"column":0},"end":{"line":2,"column":56}},"2":{"start":{"line":7,"column":0},"end":{"line":7,"column":null}},"3":{"start":{"line":7,"column":13},"end":{"line":7,"column":null}},"4":{"start":{"line":7,"column":13},"end":{"line":7,"column":23}}},"fnMap":{},"branchMap":{},"s":{"0":0,"1":0,"2":0,"3":0,"4":0},"f":{},"b":{}}
,"C:\\Users\\aallison1\\dev\\learning\\nestjs-auth\\src\\core\\data\\prisma\\prisma.service.ts": {"path":"C:\\Users\\aallison1\\dev\\learning\\nestjs-auth\\src\\core\\data\\prisma\\prisma.service.ts","statementMap":{"0":{"start":{"line":1,"column":0},"end":{"line":1,"column":null}},"1":{"start":{"line":8,"column":0},"end":{"line":8,"column":46}},"2":{"start":{"line":11,"column":0},"end":{"line":21,"column":null}},"3":{"start":{"line":13,"column":4},"end":{"line":13,"column":26}},"4":{"start":{"line":17,"column":4},"end":{"line":19,"column":7}},"5":{"start":{"line":18,"column":6},"end":{"line":18,"column":24}},"6":{"start":{"line":11,"column":13},"end":{"line":21,"column":null}},"7":{"start":{"line":11,"column":13},"end":{"line":11,"column":26}}},"fnMap":{"0":{"name":"(anonymous_1)","decl":{"start":{"line":12,"column":2},"end":{"line":12,"column":7}},"loc":{"start":{"line":12,"column":20},"end":{"line":14,"column":3}}},"1":{"name":"(anonymous_2)","decl":{"start":{"line":16,"column":2},"end":{"line":16,"column":7}},"loc":{"start":{"line":16,"column":49},"end":{"line":20,"column":3}}},"2":{"name":"(anonymous_3)","decl":{"start":{"line":17,"column":27},"end":{"line":17,"column":32}},"loc":{"start":{"line":17,"column":38},"end":{"line":19,"column":5}}}},"branchMap":{},"s":{"0":1,"1":1,"2":1,"3":0,"4":0,"5":0,"6":1,"7":1},"f":{"0":0,"1":0,"2":0},"b":{}}
,"C:\\Users\\aallison1\\dev\\learning\\nestjs-auth\\src\\core\\log\\all-exceptions.filter.ts": {"path":"C:\\Users\\aallison1\\dev\\learning\\nestjs-auth\\src\\core\\log\\all-exceptions.filter.ts","statementMap":{"0":{"start":{"line":1,"column":0},"end":{"line":1,"column":null}},"1":{"start":{"line":8,"column":0},"end":{"line":8,"column":43}},"2":{"start":{"line":11,"column":0},"end":{"line":48,"column":null}},"3":{"start":{"line":12,"column":19},"end":{"line":12,"column":62}},"4":{"start":{"line":15,"column":16},"end":{"line":15,"column":35}},"5":{"start":{"line":16,"column":21},"end":{"line":16,"column":38}},"6":{"start":{"line":17,"column":20},"end":{"line":17,"column":36}},"7":{"start":{"line":19,"column":4},"end":{"line":19,"column":74}},"8":{"start":{"line":22,"column":6},"end":{"line":24,"column":42}},"9":{"start":{"line":27,"column":7},"end":{"line":30,"column":22}},"10":{"start":{"line":32,"column":4},"end":{"line":46,"column":null}},"11":{"start":{"line":33,"column":27},"end":{"line":37,"column":8}},"12":{"start":{"line":39,"column":6},"end":{"line":43,"column":9}},"13":{"start":{"line":45,"column":6},"end":{"line":45,"column":22}},"14":{"start":{"line":11,"column":13},"end":{"line":48,"column":null}},"15":{"start":{"line":11,"column":13},"end":{"line":11,"column":32}}},"fnMap":{"0":{"name":"(anonymous_1)","decl":{"start":{"line":11,"column":0},"end":{"line":11,"column":13}},"loc":{"start":{"line":11,"column":0},"end":{"line":48,"column":1}}},"1":{"name":"(anonymous_2)","decl":{"start":{"line":14,"column":2},"end":{"line":14,"column":7}},"loc":{"start":{"line":14,"column":43},"end":{"line":47,"column":3}}}},"branchMap":{"0":{"loc":{"start":{"line":23,"column":10},"end":{"line":23,"column":31}},"type":"cond-expr","locations":[{"start":{"line":23,"column":10},"end":{"line":23,"column":31}},{"start":{"line":24,"column":10},"end":{"line":24,"column":42}}]},"1":{"loc":{"start":{"line":28,"column":10},"end":{"line":29,"column":25}},"type":"cond-expr","locations":[{"start":{"line":28,"column":10},"end":{"line":29,"column":25}},{"start":{"line":30,"column":10},"end":{"line":30,"column":22}}]},"2":{"loc":{"start":{"line":28,"column":10},"end":{"line":28,"column":67}},"type":"binary-expr","locations":[{"start":{"line":28,"column":10},"end":{"line":28,"column":67}},{"start":{"line":29,"column":10},"end":{"line":29,"column":25}}]},"3":{"loc":{"start":{"line":28,"column":56},"end":{"line":28,"column":58}},"type":"cond-expr","locations":[{"start":{"line":28,"column":56},"end":{"line":28,"column":58}},{"start":{"line":28,"column":56},"end":{"line":28,"column":67}}]},"4":{"loc":{"start":{"line":28,"column":10},"end":{"line":28,"column":58}},"type":"binary-expr","locations":[{"start":{"line":28,"column":10},"end":{"line":28,"column":58}},{"start":{"line":28,"column":56},"end":{"line":28,"column":58}}]},"5":{"loc":{"start":{"line":28,"column":22},"end":{"line":28,"column":24}},"type":"cond-expr","locations":[{"start":{"line":28,"column":22},"end":{"line":28,"column":24}},{"start":{"line":28,"column":22},"end":{"line":28,"column":56}}]},"6":{"loc":{"start":{"line":28,"column":10},"end":{"line":28,"column":24}},"type":"binary-expr","locations":[{"start":{"line":28,"column":10},"end":{"line":28,"column":24}},{"start":{"line":28,"column":22},"end":{"line":28,"column":24}}]},"7":{"loc":{"start":{"line":28,"column":47},"end":{"line":28,"column":49}},"type":"cond-expr","locations":[{"start":{"line":28,"column":47},"end":{"line":28,"column":49}},{"start":{"line":28,"column":47},"end":{"line":28,"column":55}}]},"8":{"loc":{"start":{"line":28,"column":29},"end":{"line":28,"column":49}},"type":"binary-expr","locations":[{"start":{"line":28,"column":29},"end":{"line":28,"column":49}},{"start":{"line":28,"column":47},"end":{"line":28,"column":49}}]},"9":{"loc":{"start":{"line":28,"column":41},"end":{"line":28,"column":43}},"type":"cond-expr","locations":[{"start":{"line":28,"column":41},"end":{"line":28,"column":43}},{"start":{"line":28,"column":41},"end":{"line":28,"column":47}}]},"10":{"loc":{"start":{"line":28,"column":29},"end":{"line":28,"column":43}},"type":"binary-expr","locations":[{"start":{"line":28,"column":29},"end":{"line":28,"column":43}},{"start":{"line":28,"column":41},"end":{"line":28,"column":43}}]},"11":{"loc":{"start":{"line":30,"column":17},"end":{"line":30,"column":19}},"type":"cond-expr","locations":[{"start":{"line":30,"column":17},"end":{"line":30,"column":19}},{"start":{"line":30,"column":10},"end":{"line":30,"column":22}}]},"12":{"loc":{"start":{"line":30,"column":10},"end":{"line":30,"column":19}},"type":"binary-expr","locations":[{"start":{"line":30,"column":10},"end":{"line":30,"column":19}},{"start":{"line":30,"column":10},"end":{"line":30,"column":19}}]},"13":{"loc":{"start":{"line":32,"column":4},"end":{"line":46,"column":null}},"type":"if","locations":[{"start":{"line":32,"column":4},"end":{"line":46,"column":null}},{"start":{"line":32,"column":4},"end":{"line":46,"column":null}}]},"14":{"loc":{"start":{"line":33,"column":27},"end":{"line":33,"column":53}},"type":"binary-expr","locations":[{"start":{"line":33,"column":27},"end":{"line":33,"column":53}},{"start":{"line":33,"column":57},"end":{"line":37,"column":8}}]}},"s":{"0":0,"1":0,"2":0,"3":0,"4":0,"5":0,"6":0,"7":0,"8":0,"9":0,"10":0,"11":0,"12":0,"13":0,"14":0,"15":0},"f":{"0":0,"1":0},"b":{"0":[0,0],"1":[0,0],"2":[0,0],"3":[0,0],"4":[0,0],"5":[0,0],"6":[0,0],"7":[0,0],"8":[0,0],"9":[0,0],"10":[0,0],"11":[0,0],"12":[0,0],"13":[0,0],"14":[0,0]}}
,"C:\\Users\\aallison1\\dev\\learning\\nestjs-auth\\src\\core\\log\\log-utils.ts": {"path":"C:\\Users\\aallison1\\dev\\learning\\nestjs-auth\\src\\core\\log\\log-utils.ts","statementMap":{"0":{"start":{"line":1,"column":0},"end":{"line":1,"column":41}},"1":{"start":{"line":2,"column":0},"end":{"line":2,"column":40}},"2":{"start":{"line":4,"column":22},"end":{"line":14,"column":1}},"3":{"start":{"line":5,"column":20},"end":{"line":9,"column":4}},"4":{"start":{"line":11,"column":2},"end":{"line":13,"column":5}},"5":{"start":{"line":16,"column":9},"end":{"line":16,"column":22}}},"fnMap":{"0":{"name":"(anonymous_0)","decl":{"start":{"line":4,"column":22},"end":{"line":4,"column":23}},"loc":{"start":{"line":4,"column":56},"end":{"line":14,"column":1}}}},"branchMap":{"0":{"loc":{"start":{"line":4,"column":45},"end":{"line":4,"column":52}},"type":"default-arg","locations":[{"start":{"line":4,"column":45},"end":{"line":4,"column":52}}]}},"s":{"0":0,"1":0,"2":0,"3":0,"4":0,"5":0},"f":{"0":0},"b":{"0":[0]}}
,"C:\\Users\\aallison1\\dev\\learning\\nestjs-auth\\src\\core\\log\\log.module.ts": {"path":"C:\\Users\\aallison1\\dev\\learning\\nestjs-auth\\src\\core\\log\\log.module.ts","statementMap":{"0":{"start":{"line":1,"column":0},"end":{"line":1,"column":40}},"1":{"start":{"line":2,"column":0},"end":{"line":2,"column":61}},"2":{"start":{"line":3,"column":0},"end":{"line":3,"column":43}},"3":{"start":{"line":4,"column":0},"end":{"line":4,"column":40}},"4":{"start":{"line":6,"column":0},"end":{"line":6,"column":43}},"5":{"start":{"line":35,"column":0},"end":{"line":35,"column":null}},"6":{"start":{"line":35,"column":13},"end":{"line":35,"column":null}},"7":{"start":{"line":14,"column":26},"end":{"line":14,"column":58}},"8":{"start":{"line":15,"column":26},"end":{"line":19,"column":10}},"9":{"start":{"line":20,"column":8},"end":{"line":28,"column":10}},"10":{"start":{"line":35,"column":13},"end":{"line":35,"column":22}}},"fnMap":{"0":{"name":"(anonymous_1)","decl":{"start":{"line":13,"column":18},"end":{"line":13,"column":23}},"loc":{"start":{"line":13,"column":50},"end":{"line":29,"column":7}}}},"branchMap":{},"s":{"0":0,"1":0,"2":0,"3":0,"4":0,"5":0,"6":0,"7":0,"8":0,"9":0,"10":0},"f":{"0":0},"b":{}}
,"C:\\Users\\aallison1\\dev\\learning\\nestjs-auth\\src\\core\\log\\log.service.ts": {"path":"C:\\Users\\aallison1\\dev\\learning\\nestjs-auth\\src\\core\\log\\log.service.ts","statementMap":{"0":{"start":{"line":1,"column":0},"end":{"line":1,"column":44}},"1":{"start":{"line":2,"column":0},"end":{"line":2,"column":41}},"2":{"start":{"line":5,"column":0},"end":{"line":12,"column":null}},"3":{"start":{"line":7,"column":4},"end":{"line":7,"column":16}},"4":{"start":{"line":10,"column":4},"end":{"line":10,"column":39}},"5":{"start":{"line":5,"column":13},"end":{"line":12,"column":null}},"6":{"start":{"line":5,"column":13},"end":{"line":5,"column":23}}},"fnMap":{"0":{"name":"(anonymous_2)","decl":{"start":{"line":6,"column":2},"end":{"line":6,"column":14}},"loc":{"start":{"line":6,"column":18},"end":{"line":8,"column":3}}},"1":{"name":"(anonymous_3)","decl":{"start":{"line":9,"column":2},"end":{"line":9,"column":5}},"loc":{"start":{"line":9,"column":32},"end":{"line":11,"column":3}}}},"branchMap":{},"s":{"0":0,"1":0,"2":0,"3":0,"4":0,"5":0,"6":0},"f":{"0":0,"1":0},"b":{}}
,"C:\\Users\\aallison1\\dev\\learning\\nestjs-auth\\src\\user\\user.module.ts": {"path":"C:\\Users\\aallison1\\dev\\learning\\nestjs-auth\\src\\user\\user.module.ts","statementMap":{"0":{"start":{"line":1,"column":0},"end":{"line":1,"column":40}},"1":{"start":{"line":2,"column":0},"end":{"line":2,"column":49}},"2":{"start":{"line":7,"column":0},"end":{"line":7,"column":null}},"3":{"start":{"line":7,"column":13},"end":{"line":7,"column":null}},"4":{"start":{"line":7,"column":13},"end":{"line":7,"column":23}}},"fnMap":{},"branchMap":{},"s":{"0":0,"1":0,"2":0,"3":0,"4":0},"f":{},"b":{}}
}
